<html>
<head>
<title>TestNG:  Run On FIREFOX</title>
<link href="../testng.css" rel="stylesheet" type="text/css" />
<link href="../my-testng.css" rel="stylesheet" type="text/css" />

<style type="text/css">
.log { display: none;} 
.stack-trace { display: none;} 
</style>
<script type="text/javascript">
<!--
function flip(e) {
  current = e.style.display;
  if (current == 'block') {
    e.style.display = 'none';
    return 0;
  }
  else {
    e.style.display = 'block';
    return 1;
  }
}

function toggleBox(szDivId, elem, msg1, msg2)
{
  var res = -1;  if (document.getElementById) {
    res = flip(document.getElementById(szDivId));
  }
  else if (document.all) {
    // this is the way old msie versions work
    res = flip(document.all[szDivId]);
  }
  if(elem) {
    if(res == 0) elem.innerHTML = msg1; else elem.innerHTML = msg2;
  }

}

function toggleAllBoxes() {
  if (document.getElementsByTagName) {
    d = document.getElementsByTagName('div');
    for (i = 0; i < d.length; i++) {
      if (d[i].className == 'log') {
        flip(d[i]);
      }
    }
  }
}

// -->
</script>

</head>
<body>
<h2 align='center'>Run On FIREFOX</h2><table border='1' align="center">
<tr>
<td>Tests passed/Failed/Skipped:</td><td>1/2/4</td>
</tr><tr>
<td>Started on:</td><td>Thu Oct 21 17:23:35 ICT 2021</td>
</tr>
<tr><td>Total time:</td><td>57 seconds (57750 ms)</td>
</tr><tr>
<td>Included groups:</td><td></td>
</tr><tr>
<td>Excluded groups:</td><td></td>
</tr>
</table><p/>
<small><i>(Hover the method name to see the test class name)</i></small><p/>
<table width='100%' border='1' class='invocation-failed'>
<tr><td colspan='4' align='center'><b>FAILED TESTS</b></td></tr>
<tr><td><b>Test method</b></td>
<td width="30%"><b>Exception</b></td>
<td width="10%"><b>Time (seconds)</b></td>
<td><b>Instance</b></td>
</tr>
<tr>
<td title='com.bankguru.user.Level_22_Data_Test_04_Data_Driven.TC_02_Login_To_System()'><b>TC_02_Login_To_System</b><br>Test class: com.bankguru.user.Level_22_Data_Test_04_Data_Driven<br/>
<a href="#Output-208437930" onClick='toggleBox("Output-208437930", this, "Show output", "Hide output");'>Show output</a>

<a href="#Output-208437930" onClick="toggleAllBoxes();">Show all outputs</a>
<div class='log' id="Output-208437930">
2021-10-21 17:24:25,701 INFO  com.bankguru.user.Level_22_Data_Test_04_Data_Driven - Login - step 01: get login Page
<br/>
2021-10-21 17:24:26,971 INFO  com.bankguru.user.Level_22_Data_Test_04_Data_Driven - Login - step 02: Verify Login form displayed
<br/>
2021-10-21 17:24:27,018 INFO  com.bankguru.user.Level_22_Data_Test_04_Data_Driven - Login - step 03: input username textbox with value: mngr360590
<br/>
2021-10-21 17:24:29,135 INFO  com.bankguru.user.Level_22_Data_Test_04_Data_Driven - Login - step 04: input password textbox with value: tYtEtEt
<br/>
</div>
</td>
<td><div><pre>java.lang.AssertionError: expected [true] but found [false]
	at com.bankguru.user.Level_22_Data_Test_04_Data_Driven.TC_02_Login_To_System(Level_22_Data_Test_04_Data_Driven.java:124)
... Removed 29 stack frames</pre></div><a href='#' onClick='toggleBox("stack-trace208437930", this, "Click to show all stack frames", "Click to hide stack frames")'>Click to show all stack frames</a>
<div class='stack-trace' id='stack-trace208437930'><pre>java.lang.AssertionError: expected [true] but found [false]
	at org.testng.Assert.fail(Assert.java:96)
	at org.testng.Assert.failNotEquals(Assert.java:776)
	at org.testng.Assert.assertTrue(Assert.java:44)
	at org.testng.Assert.assertTrue(Assert.java:54)
	at com.bankguru.user.Level_22_Data_Test_04_Data_Driven.TC_02_Login_To_System(Level_22_Data_Test_04_Data_Driven.java:124)
	at sun.reflect.NativeMethodAccessorImpl.invoke0(Native Method)
	at sun.reflect.NativeMethodAccessorImpl.invoke(Unknown Source)
	at sun.reflect.DelegatingMethodAccessorImpl.invoke(Unknown Source)
	at java.lang.reflect.Method.invoke(Unknown Source)
	at org.testng.internal.MethodInvocationHelper.invokeMethod(MethodInvocationHelper.java:124)
	at org.testng.internal.Invoker.invokeMethod(Invoker.java:583)
	at org.testng.internal.Invoker.retryFailed(Invoker.java:839)
	at org.testng.internal.Invoker.invokeTestMethods(Invoker.java:1010)
	at org.testng.internal.TestMethodWorker.invokeTestMethods(TestMethodWorker.java:125)
	at org.testng.internal.TestMethodWorker.run(TestMethodWorker.java:109)
	at org.testng.TestRunner.privateRun(TestRunner.java:648)
	at org.testng.TestRunner.run(TestRunner.java:505)
	at org.testng.SuiteRunner.runTest(SuiteRunner.java:455)
	at org.testng.SuiteRunner.runSequentially(SuiteRunner.java:450)
	at org.testng.SuiteRunner.privateRun(SuiteRunner.java:415)
	at org.testng.SuiteRunner.run(SuiteRunner.java:364)
	at org.testng.SuiteRunnerWorker.runSuite(SuiteRunnerWorker.java:52)
	at org.testng.SuiteRunnerWorker.run(SuiteRunnerWorker.java:84)
	at org.testng.TestNG.runSuitesSequentially(TestNG.java:1208)
	at org.testng.TestNG.runSuitesLocally(TestNG.java:1137)
	at org.testng.TestNG.runSuites(TestNG.java:1049)
	at org.testng.TestNG.run(TestNG.java:1017)
	at org.testng.remote.AbstractRemoteTestNG.run(AbstractRemoteTestNG.java:115)
	at org.testng.remote.RemoteTestNG.initAndRun(RemoteTestNG.java:251)
	at org.testng.remote.RemoteTestNG.main(RemoteTestNG.java:77)
</pre></div></td>
<td>5</td>
<td>com.bankguru.user.Level_22_Data_Test_04_Data_Driven@63070bab</td></tr>
<tr>
<td title='com.bankguru.user.Level_22_Data_Test_04_Data_Driven.TC_03_New_Customer()'><b>TC_03_New_Customer</b><br>Test class: com.bankguru.user.Level_22_Data_Test_04_Data_Driven<br/>
<a href="#Output-853887645" onClick='toggleBox("Output-853887645", this, "Show output", "Hide output");'>Show output</a>

<a href="#Output-853887645" onClick="toggleAllBoxes();">Show all outputs</a>
<div class='log' id="Output-853887645">
2021-10-21 17:24:31,424 INFO  com.bankguru.user.Level_22_Data_Test_04_Data_Driven - New Customer - step 01: Open New Customer Page
<br/>
</div>
</td>
<td><div><pre>java.lang.NullPointerException
	at com.bankguru.user.Level_22_Data_Test_04_Data_Driven.TC_03_New_Customer(Level_22_Data_Test_04_Data_Driven.java:151)
... Removed 25 stack frames</pre></div><a href='#' onClick='toggleBox("stack-trace853887645", this, "Click to show all stack frames", "Click to hide stack frames")'>Click to show all stack frames</a>
<div class='stack-trace' id='stack-trace853887645'><pre>java.lang.NullPointerException
	at com.bankguru.user.Level_22_Data_Test_04_Data_Driven.TC_03_New_Customer(Level_22_Data_Test_04_Data_Driven.java:151)
	at sun.reflect.NativeMethodAccessorImpl.invoke0(Native Method)
	at sun.reflect.NativeMethodAccessorImpl.invoke(Unknown Source)
	at sun.reflect.DelegatingMethodAccessorImpl.invoke(Unknown Source)
	at java.lang.reflect.Method.invoke(Unknown Source)
	at org.testng.internal.MethodInvocationHelper.invokeMethod(MethodInvocationHelper.java:124)
	at org.testng.internal.Invoker.invokeMethod(Invoker.java:583)
	at org.testng.internal.Invoker.retryFailed(Invoker.java:839)
	at org.testng.internal.Invoker.invokeTestMethods(Invoker.java:1010)
	at org.testng.internal.TestMethodWorker.invokeTestMethods(TestMethodWorker.java:125)
	at org.testng.internal.TestMethodWorker.run(TestMethodWorker.java:109)
	at org.testng.TestRunner.privateRun(TestRunner.java:648)
	at org.testng.TestRunner.run(TestRunner.java:505)
	at org.testng.SuiteRunner.runTest(SuiteRunner.java:455)
	at org.testng.SuiteRunner.runSequentially(SuiteRunner.java:450)
	at org.testng.SuiteRunner.privateRun(SuiteRunner.java:415)
	at org.testng.SuiteRunner.run(SuiteRunner.java:364)
	at org.testng.SuiteRunnerWorker.runSuite(SuiteRunnerWorker.java:52)
	at org.testng.SuiteRunnerWorker.run(SuiteRunnerWorker.java:84)
	at org.testng.TestNG.runSuitesSequentially(TestNG.java:1208)
	at org.testng.TestNG.runSuitesLocally(TestNG.java:1137)
	at org.testng.TestNG.runSuites(TestNG.java:1049)
	at org.testng.TestNG.run(TestNG.java:1017)
	at org.testng.remote.AbstractRemoteTestNG.run(AbstractRemoteTestNG.java:115)
	at org.testng.remote.RemoteTestNG.initAndRun(RemoteTestNG.java:251)
	at org.testng.remote.RemoteTestNG.main(RemoteTestNG.java:77)
</pre></div></td>
<td>0</td>
<td>com.bankguru.user.Level_22_Data_Test_04_Data_Driven@63070bab</td></tr>
</table><p>
<table width='100%' border='1' class='invocation-passed'>
<tr><td colspan='4' align='center'><b>PASSED TESTS</b></td></tr>
<tr><td><b>Test method</b></td>
<td width="30%"><b>Exception</b></td>
<td width="10%"><b>Time (seconds)</b></td>
<td><b>Instance</b></td>
</tr>
<tr>
<td title='com.bankguru.user.Level_22_Data_Test_04_Data_Driven.TC_01_Register_To_System()'><b>TC_01_Register_To_System</b><br>Test class: com.bankguru.user.Level_22_Data_Test_04_Data_Driven<br/>
<a href="#Output-1171713907" onClick='toggleBox("Output-1171713907", this, "Show output", "Hide output");'>Show output</a>

<a href="#Output-1171713907" onClick="toggleAllBoxes();">Show all outputs</a>
<div class='log' id="Output-1171713907">
2021-10-21 17:24:04,657 INFO  com.bankguru.user.Level_22_Data_Test_04_Data_Driven - Register - step 01: Input to 'Email' textbox with value: biden4198@icloud.com
<br/>
2021-10-21 17:24:06,850 INFO  com.bankguru.user.Level_22_Data_Test_04_Data_Driven - Register - step 02: click to 'Submit' button
<br/>
2021-10-21 17:24:10,035 INFO  com.bankguru.user.Level_22_Data_Test_04_Data_Driven - Register - step 03: Get userID/ Password information
<br/>
</div>
</td>
<td></td>
<td>9</td>
<td>com.bankguru.user.Level_22_Data_Test_04_Data_Driven@63070bab</td></tr>
</table><p>
<table width='100%' border='1' class='invocation-skipped'>
<tr><td colspan='4' align='center'><b>SKIPPED TESTS</b></td></tr>
<tr><td><b>Test method</b></td>
<td width="30%"><b>Exception</b></td>
<td width="10%"><b>Time (seconds)</b></td>
<td><b>Instance</b></td>
</tr>
<tr>
<td title='com.bankguru.user.Level_22_Data_Test_04_Data_Driven.TC_02_Login_To_System()'><b>TC_02_Login_To_System</b><br>Test class: com.bankguru.user.Level_22_Data_Test_04_Data_Driven<br/>
<a href="#Output-1519173630" onClick='toggleBox("Output-1519173630", this, "Show output", "Hide output");'>Show output</a>

<a href="#Output-1519173630" onClick="toggleAllBoxes();">Show all outputs</a>
<div class='log' id="Output-1519173630">
2021-10-21 17:24:14,473 INFO  com.bankguru.user.Level_22_Data_Test_04_Data_Driven - Login - step 01: get login Page
<br/>
2021-10-21 17:24:15,759 INFO  com.bankguru.user.Level_22_Data_Test_04_Data_Driven - Login - step 02: Verify Login form displayed
<br/>
2021-10-21 17:24:15,792 INFO  com.bankguru.user.Level_22_Data_Test_04_Data_Driven - Login - step 03: input username textbox with value: mngr360590
<br/>
2021-10-21 17:24:17,907 INFO  com.bankguru.user.Level_22_Data_Test_04_Data_Driven - Login - step 04: input password textbox with value: tYtEtEt
<br/>
</div>
</td>
<td><div><pre>java.lang.AssertionError: expected [true] but found [false]
	at com.bankguru.user.Level_22_Data_Test_04_Data_Driven.TC_02_Login_To_System(Level_22_Data_Test_04_Data_Driven.java:124)
... Removed 29 stack frames</pre></div><a href='#' onClick='toggleBox("stack-trace1519173630", this, "Click to show all stack frames", "Click to hide stack frames")'>Click to show all stack frames</a>
<div class='stack-trace' id='stack-trace1519173630'><pre>java.lang.AssertionError: expected [true] but found [false]
	at org.testng.Assert.fail(Assert.java:96)
	at org.testng.Assert.failNotEquals(Assert.java:776)
	at org.testng.Assert.assertTrue(Assert.java:44)
	at org.testng.Assert.assertTrue(Assert.java:54)
	at com.bankguru.user.Level_22_Data_Test_04_Data_Driven.TC_02_Login_To_System(Level_22_Data_Test_04_Data_Driven.java:124)
	at sun.reflect.NativeMethodAccessorImpl.invoke0(Native Method)
	at sun.reflect.NativeMethodAccessorImpl.invoke(Unknown Source)
	at sun.reflect.DelegatingMethodAccessorImpl.invoke(Unknown Source)
	at java.lang.reflect.Method.invoke(Unknown Source)
	at org.testng.internal.MethodInvocationHelper.invokeMethod(MethodInvocationHelper.java:124)
	at org.testng.internal.Invoker.invokeMethod(Invoker.java:583)
	at org.testng.internal.Invoker.invokeTestMethod(Invoker.java:719)
	at org.testng.internal.Invoker.invokeTestMethods(Invoker.java:989)
	at org.testng.internal.TestMethodWorker.invokeTestMethods(TestMethodWorker.java:125)
	at org.testng.internal.TestMethodWorker.run(TestMethodWorker.java:109)
	at org.testng.TestRunner.privateRun(TestRunner.java:648)
	at org.testng.TestRunner.run(TestRunner.java:505)
	at org.testng.SuiteRunner.runTest(SuiteRunner.java:455)
	at org.testng.SuiteRunner.runSequentially(SuiteRunner.java:450)
	at org.testng.SuiteRunner.privateRun(SuiteRunner.java:415)
	at org.testng.SuiteRunner.run(SuiteRunner.java:364)
	at org.testng.SuiteRunnerWorker.runSuite(SuiteRunnerWorker.java:52)
	at org.testng.SuiteRunnerWorker.run(SuiteRunnerWorker.java:84)
	at org.testng.TestNG.runSuitesSequentially(TestNG.java:1208)
	at org.testng.TestNG.runSuitesLocally(TestNG.java:1137)
	at org.testng.TestNG.runSuites(TestNG.java:1049)
	at org.testng.TestNG.run(TestNG.java:1017)
	at org.testng.remote.AbstractRemoteTestNG.run(AbstractRemoteTestNG.java:115)
	at org.testng.remote.RemoteTestNG.initAndRun(RemoteTestNG.java:251)
	at org.testng.remote.RemoteTestNG.main(RemoteTestNG.java:77)
</pre></div></td>
<td>5</td>
<td>com.bankguru.user.Level_22_Data_Test_04_Data_Driven@63070bab</td></tr>
<tr>
<td title='com.bankguru.user.Level_22_Data_Test_04_Data_Driven.TC_02_Login_To_System()'><b>TC_02_Login_To_System</b><br>Test class: com.bankguru.user.Level_22_Data_Test_04_Data_Driven<br/>
<a href="#Output-227381657" onClick='toggleBox("Output-227381657", this, "Show output", "Hide output");'>Show output</a>

<a href="#Output-227381657" onClick="toggleAllBoxes();">Show all outputs</a>
<div class='log' id="Output-227381657">
2021-10-21 17:24:20,087 INFO  com.bankguru.user.Level_22_Data_Test_04_Data_Driven - Login - step 01: get login Page
<br/>
2021-10-21 17:24:21,404 INFO  com.bankguru.user.Level_22_Data_Test_04_Data_Driven - Login - step 02: Verify Login form displayed
<br/>
2021-10-21 17:24:21,436 INFO  com.bankguru.user.Level_22_Data_Test_04_Data_Driven - Login - step 03: input username textbox with value: mngr360590
<br/>
2021-10-21 17:24:23,553 INFO  com.bankguru.user.Level_22_Data_Test_04_Data_Driven - Login - step 04: input password textbox with value: tYtEtEt
<br/>
</div>
</td>
<td><div><pre>java.lang.AssertionError: expected [true] but found [false]
	at com.bankguru.user.Level_22_Data_Test_04_Data_Driven.TC_02_Login_To_System(Level_22_Data_Test_04_Data_Driven.java:124)
... Removed 29 stack frames</pre></div><a href='#' onClick='toggleBox("stack-trace227381657", this, "Click to show all stack frames", "Click to hide stack frames")'>Click to show all stack frames</a>
<div class='stack-trace' id='stack-trace227381657'><pre>java.lang.AssertionError: expected [true] but found [false]
	at org.testng.Assert.fail(Assert.java:96)
	at org.testng.Assert.failNotEquals(Assert.java:776)
	at org.testng.Assert.assertTrue(Assert.java:44)
	at org.testng.Assert.assertTrue(Assert.java:54)
	at com.bankguru.user.Level_22_Data_Test_04_Data_Driven.TC_02_Login_To_System(Level_22_Data_Test_04_Data_Driven.java:124)
	at sun.reflect.NativeMethodAccessorImpl.invoke0(Native Method)
	at sun.reflect.NativeMethodAccessorImpl.invoke(Unknown Source)
	at sun.reflect.DelegatingMethodAccessorImpl.invoke(Unknown Source)
	at java.lang.reflect.Method.invoke(Unknown Source)
	at org.testng.internal.MethodInvocationHelper.invokeMethod(MethodInvocationHelper.java:124)
	at org.testng.internal.Invoker.invokeMethod(Invoker.java:583)
	at org.testng.internal.Invoker.retryFailed(Invoker.java:839)
	at org.testng.internal.Invoker.invokeTestMethods(Invoker.java:1010)
	at org.testng.internal.TestMethodWorker.invokeTestMethods(TestMethodWorker.java:125)
	at org.testng.internal.TestMethodWorker.run(TestMethodWorker.java:109)
	at org.testng.TestRunner.privateRun(TestRunner.java:648)
	at org.testng.TestRunner.run(TestRunner.java:505)
	at org.testng.SuiteRunner.runTest(SuiteRunner.java:455)
	at org.testng.SuiteRunner.runSequentially(SuiteRunner.java:450)
	at org.testng.SuiteRunner.privateRun(SuiteRunner.java:415)
	at org.testng.SuiteRunner.run(SuiteRunner.java:364)
	at org.testng.SuiteRunnerWorker.runSuite(SuiteRunnerWorker.java:52)
	at org.testng.SuiteRunnerWorker.run(SuiteRunnerWorker.java:84)
	at org.testng.TestNG.runSuitesSequentially(TestNG.java:1208)
	at org.testng.TestNG.runSuitesLocally(TestNG.java:1137)
	at org.testng.TestNG.runSuites(TestNG.java:1049)
	at org.testng.TestNG.run(TestNG.java:1017)
	at org.testng.remote.AbstractRemoteTestNG.run(AbstractRemoteTestNG.java:115)
	at org.testng.remote.RemoteTestNG.initAndRun(RemoteTestNG.java:251)
	at org.testng.remote.RemoteTestNG.main(RemoteTestNG.java:77)
</pre></div></td>
<td>5</td>
<td>com.bankguru.user.Level_22_Data_Test_04_Data_Driven@63070bab</td></tr>
<tr>
<td title='com.bankguru.user.Level_22_Data_Test_04_Data_Driven.TC_03_New_Customer()'><b>TC_03_New_Customer</b><br>Test class: com.bankguru.user.Level_22_Data_Test_04_Data_Driven<br/>
<a href="#Output-685407505" onClick='toggleBox("Output-685407505", this, "Show output", "Hide output");'>Show output</a>

<a href="#Output-685407505" onClick="toggleAllBoxes();">Show all outputs</a>
<div class='log' id="Output-685407505">
2021-10-21 17:24:31,393 INFO  com.bankguru.user.Level_22_Data_Test_04_Data_Driven - New Customer - step 01: Open New Customer Page
<br/>
</div>
</td>
<td><div><pre>java.lang.NullPointerException
	at com.bankguru.user.Level_22_Data_Test_04_Data_Driven.TC_03_New_Customer(Level_22_Data_Test_04_Data_Driven.java:151)
... Removed 25 stack frames</pre></div><a href='#' onClick='toggleBox("stack-trace685407505", this, "Click to show all stack frames", "Click to hide stack frames")'>Click to show all stack frames</a>
<div class='stack-trace' id='stack-trace685407505'><pre>java.lang.NullPointerException
	at com.bankguru.user.Level_22_Data_Test_04_Data_Driven.TC_03_New_Customer(Level_22_Data_Test_04_Data_Driven.java:151)
	at sun.reflect.NativeMethodAccessorImpl.invoke0(Native Method)
	at sun.reflect.NativeMethodAccessorImpl.invoke(Unknown Source)
	at sun.reflect.DelegatingMethodAccessorImpl.invoke(Unknown Source)
	at java.lang.reflect.Method.invoke(Unknown Source)
	at org.testng.internal.MethodInvocationHelper.invokeMethod(MethodInvocationHelper.java:124)
	at org.testng.internal.Invoker.invokeMethod(Invoker.java:583)
	at org.testng.internal.Invoker.invokeTestMethod(Invoker.java:719)
	at org.testng.internal.Invoker.invokeTestMethods(Invoker.java:989)
	at org.testng.internal.TestMethodWorker.invokeTestMethods(TestMethodWorker.java:125)
	at org.testng.internal.TestMethodWorker.run(TestMethodWorker.java:109)
	at org.testng.TestRunner.privateRun(TestRunner.java:648)
	at org.testng.TestRunner.run(TestRunner.java:505)
	at org.testng.SuiteRunner.runTest(SuiteRunner.java:455)
	at org.testng.SuiteRunner.runSequentially(SuiteRunner.java:450)
	at org.testng.SuiteRunner.privateRun(SuiteRunner.java:415)
	at org.testng.SuiteRunner.run(SuiteRunner.java:364)
	at org.testng.SuiteRunnerWorker.runSuite(SuiteRunnerWorker.java:52)
	at org.testng.SuiteRunnerWorker.run(SuiteRunnerWorker.java:84)
	at org.testng.TestNG.runSuitesSequentially(TestNG.java:1208)
	at org.testng.TestNG.runSuitesLocally(TestNG.java:1137)
	at org.testng.TestNG.runSuites(TestNG.java:1049)
	at org.testng.TestNG.run(TestNG.java:1017)
	at org.testng.remote.AbstractRemoteTestNG.run(AbstractRemoteTestNG.java:115)
	at org.testng.remote.RemoteTestNG.initAndRun(RemoteTestNG.java:251)
	at org.testng.remote.RemoteTestNG.main(RemoteTestNG.java:77)
</pre></div></td>
<td>0</td>
<td>com.bankguru.user.Level_22_Data_Test_04_Data_Driven@63070bab</td></tr>
<tr>
<td title='com.bankguru.user.Level_22_Data_Test_04_Data_Driven.TC_03_New_Customer()'><b>TC_03_New_Customer</b><br>Test class: com.bankguru.user.Level_22_Data_Test_04_Data_Driven<br/>
<a href="#Output-1294058862" onClick='toggleBox("Output-1294058862", this, "Show output", "Hide output");'>Show output</a>

<a href="#Output-1294058862" onClick="toggleAllBoxes();">Show all outputs</a>
<div class='log' id="Output-1294058862">
2021-10-21 17:24:31,408 INFO  com.bankguru.user.Level_22_Data_Test_04_Data_Driven - New Customer - step 01: Open New Customer Page
<br/>
</div>
</td>
<td><div><pre>java.lang.NullPointerException
	at com.bankguru.user.Level_22_Data_Test_04_Data_Driven.TC_03_New_Customer(Level_22_Data_Test_04_Data_Driven.java:151)
... Removed 25 stack frames</pre></div><a href='#' onClick='toggleBox("stack-trace1294058862", this, "Click to show all stack frames", "Click to hide stack frames")'>Click to show all stack frames</a>
<div class='stack-trace' id='stack-trace1294058862'><pre>java.lang.NullPointerException
	at com.bankguru.user.Level_22_Data_Test_04_Data_Driven.TC_03_New_Customer(Level_22_Data_Test_04_Data_Driven.java:151)
	at sun.reflect.NativeMethodAccessorImpl.invoke0(Native Method)
	at sun.reflect.NativeMethodAccessorImpl.invoke(Unknown Source)
	at sun.reflect.DelegatingMethodAccessorImpl.invoke(Unknown Source)
	at java.lang.reflect.Method.invoke(Unknown Source)
	at org.testng.internal.MethodInvocationHelper.invokeMethod(MethodInvocationHelper.java:124)
	at org.testng.internal.Invoker.invokeMethod(Invoker.java:583)
	at org.testng.internal.Invoker.retryFailed(Invoker.java:839)
	at org.testng.internal.Invoker.invokeTestMethods(Invoker.java:1010)
	at org.testng.internal.TestMethodWorker.invokeTestMethods(TestMethodWorker.java:125)
	at org.testng.internal.TestMethodWorker.run(TestMethodWorker.java:109)
	at org.testng.TestRunner.privateRun(TestRunner.java:648)
	at org.testng.TestRunner.run(TestRunner.java:505)
	at org.testng.SuiteRunner.runTest(SuiteRunner.java:455)
	at org.testng.SuiteRunner.runSequentially(SuiteRunner.java:450)
	at org.testng.SuiteRunner.privateRun(SuiteRunner.java:415)
	at org.testng.SuiteRunner.run(SuiteRunner.java:364)
	at org.testng.SuiteRunnerWorker.runSuite(SuiteRunnerWorker.java:52)
	at org.testng.SuiteRunnerWorker.run(SuiteRunnerWorker.java:84)
	at org.testng.TestNG.runSuitesSequentially(TestNG.java:1208)
	at org.testng.TestNG.runSuitesLocally(TestNG.java:1137)
	at org.testng.TestNG.runSuites(TestNG.java:1049)
	at org.testng.TestNG.run(TestNG.java:1017)
	at org.testng.remote.AbstractRemoteTestNG.run(AbstractRemoteTestNG.java:115)
	at org.testng.remote.RemoteTestNG.initAndRun(RemoteTestNG.java:251)
	at org.testng.remote.RemoteTestNG.main(RemoteTestNG.java:77)
</pre></div></td>
<td>0</td>
<td>com.bankguru.user.Level_22_Data_Test_04_Data_Driven@63070bab</td></tr>
</table><p>
</body>
</html>