<?xml version="1.0" encoding="UTF-8"?>
<!-- Generated by org.testng.reporters.JUnitXMLReporter -->
<testsuite hostname="DELL-PC" ignored="0" name="Run On SAFARI" tests="3" failures="0" timestamp="03 thg 1 2021 08:02:18 GMT" time="0.541" errors="0">
  <testcase name="@BeforeClass beforeClass" time="0.056" classname="com.bankguru.user.Level_22_Data_Test_04_Data_Driven">
    <failure type="org.openqa.selenium.WebDriverException" message="SafariDriver requires Safari 10 running on OSX El Capitan or greater.
Build info: version: &amp;apos;3.141.59&amp;apos;, revision: &amp;apos;e82be7d358&amp;apos;, time: &amp;apos;2018-11-14T08:25:48&amp;apos;
System info: host: &amp;apos;DELL-PC&amp;apos;, ip: &amp;apos;192.168.139.1&amp;apos;, os.name: &amp;apos;Windows 10&amp;apos;, os.arch: &amp;apos;amd64&amp;apos;, os.version: &amp;apos;10.0&amp;apos;, java.version: &amp;apos;1.8.0_271&amp;apos;
Driver info: driver.version: SafariDriver">
      <![CDATA[org.openqa.selenium.WebDriverException: SafariDriver requires Safari 10 running on OSX El Capitan or greater.
Build info: version: '3.141.59', revision: 'e82be7d358', time: '2018-11-14T08:25:48'
System info: host: 'DELL-PC', ip: '192.168.139.1', os.name: 'Windows 10', os.arch: 'amd64', os.version: '10.0', java.version: '1.8.0_271'
Driver info: driver.version: SafariDriver
at org.openqa.selenium.safari.SafariDriverService.createDefaultService(SafariDriverService.java:59)
at org.openqa.selenium.safari.SafariDriver.<init>(SafariDriver.java:63)
at org.openqa.selenium.safari.SafariDriver.<init>(SafariDriver.java:41)
at commons.AbstractTest.getBrowserDriver(AbstractTest.java:116)
at com.bankguru.user.Level_22_Data_Test_04_Data_Driven.beforeClass(Level_22_Data_Test_04_Data_Driven.java:65)
at java.util.concurrent.FutureTask.run(Unknown Source)
at java.util.concurrent.ThreadPoolExecutor.runWorker(Unknown Source)
at java.util.concurrent.ThreadPoolExecutor$Worker.run(Unknown Source)
at java.lang.Thread.run(Unknown Source)
... Removed 17 stack frames]]>
    </failure>
  </testcase> <!-- @BeforeClass beforeClass -->
  <testcase name="TC_01_Register_To_System" time="0.0" classname="com.bankguru.user.Level_22_Data_Test_04_Data_Driven">
    <skipped/>
  </testcase> <!-- TC_01_Register_To_System -->
  <testcase name="TC_02_Login_To_System" time="0.0" classname="com.bankguru.user.Level_22_Data_Test_04_Data_Driven">
    <skipped/>
  </testcase> <!-- TC_02_Login_To_System -->
  <testcase name="TC_03_New_Customer" time="0.0" classname="com.bankguru.user.Level_22_Data_Test_04_Data_Driven">
    <skipped/>
  </testcase> <!-- TC_03_New_Customer -->
</testsuite> <!-- Run On SAFARI -->
