<?xml version="1.0" encoding="UTF-8"?>
<!-- Generated by org.testng.reporters.JUnitXMLReporter -->
<testsuite hostname="DELL-PC" ignored="0" name="Run On FIREFOX" tests="2" failures="0" timestamp="13 thg 3 2021 16:41:47 GMT" time="0.323" errors="0">
  <testcase name="@BeforeClass beforeClass" time="0.0" classname="com.saucelab.sort.Level_20_Sort_Asc_Desc">
    <failure type="org.testng.TestNGException" message="
Parameter &amp;apos;url&amp;apos; is required by BeforeClass on method beforeClass but has not been marked @Optional or defined
in E:\Selenium\2_Hybrid\2_B42b_java-multiple-environment\resources\runSaucelabTestcases_Environment.xml">
      <![CDATA[org.testng.TestNGException: 
Parameter 'url' is required by BeforeClass on method beforeClass but has not been marked @Optional or defined
in E:\Selenium\2_Hybrid\2_B42b_java-multiple-environment\resources\runSaucelabTestcases_Environment.xml
at java.util.concurrent.FutureTask.run(FutureTask.java:266)
at java.util.concurrent.ThreadPoolExecutor.runWorker(ThreadPoolExecutor.java:1149)
at java.util.concurrent.ThreadPoolExecutor$Worker.run(ThreadPoolExecutor.java:624)
at java.lang.Thread.run(Thread.java:748)
... Removed 14 stack frames]]>
    </failure>
  </testcase> <!-- @BeforeClass beforeClass -->
  <testcase name="@AfterClass afterClass" time="0.0" classname="com.saucelab.sort.Level_20_Sort_Asc_Desc">
    <skipped/>
  </testcase> <!-- @AfterClass afterClass -->
  <testcase name="Sort_01_Name" time="0.0" classname="com.saucelab.sort.Level_20_Sort_Asc_Desc">
    <skipped/>
  </testcase> <!-- Sort_01_Name -->
  <testcase name="Sort_02_Price" time="0.0" classname="com.saucelab.sort.Level_20_Sort_Asc_Desc">
    <skipped/>
  </testcase> <!-- Sort_02_Price -->
</testsuite> <!-- Run On FIREFOX -->
