<?xml version="1.0" encoding="UTF-8"?>
<!-- Generated by org.testng.reporters.JUnitReportReporter -->
<testsuite skipped="2" hostname="Administrator-Nhans-Mac.local" name="com.bankguru.user.Level_08_Selenium_Page_Factory" tests="5" failures="0" timestamp="15 Aug 2020 15:39:17 GMT" time="45.174" errors="1">
  <testcase name="beforeClass" time="34.291" classname="com.bankguru.user.Level_08_Selenium_Page_Factory">
    <error type="java.lang.NoClassDefFoundError" message="org/apache/commons/compress/archivers/ArchiveException">
      <![CDATA[java.lang.NoClassDefFoundError: org/apache/commons/compress/archivers/ArchiveException
at org.rauschig.jarchivelib.ArchiverFactory.createArchiver(ArchiverFactory.java:97)
at io.github.bonigarcia.wdm.online.Downloader.unTarGz(Downloader.java:268)
at io.github.bonigarcia.wdm.online.Downloader.extract(Downloader.java:183)
at io.github.bonigarcia.wdm.online.Downloader.downloadAndExtract(Downloader.java:134)
at io.github.bonigarcia.wdm.online.Downloader.download(Downloader.java:86)
at io.github.bonigarcia.wdm.WebDriverManager.download(WebDriverManager.java:605)
at io.github.bonigarcia.wdm.WebDriverManager.manage(WebDriverManager.java:535)
at io.github.bonigarcia.wdm.WebDriverManager.setup(WebDriverManager.java:277)
at commons.AbstractTest.getBrowserDriver(AbstractTest.java:83)
at com.bankguru.user.Level_08_Selenium_Page_Factory.beforeClass(Level_08_Selenium_Page_Factory.java:35)
at sun.reflect.NativeMethodAccessorImpl.invoke0(Native Method)
at sun.reflect.NativeMethodAccessorImpl.invoke(NativeMethodAccessorImpl.java:62)
at sun.reflect.DelegatingMethodAccessorImpl.invoke(DelegatingMethodAccessorImpl.java:43)
at java.lang.reflect.Method.invoke(Method.java:498)
at org.testng.internal.MethodInvocationHelper.invokeMethod(MethodInvocationHelper.java:124)
at org.testng.internal.MethodInvocationHelper.invokeMethodConsideringTimeout(MethodInvocationHelper.java:59)
at org.testng.internal.Invoker.invokeConfigurationMethod(Invoker.java:458)
at org.testng.internal.Invoker.invokeConfigurations(Invoker.java:222)
at org.testng.internal.Invoker.invokeConfigurations(Invoker.java:142)
at org.testng.internal.TestMethodWorker.invokeBeforeClassMethods(TestMethodWorker.java:168)
at org.testng.internal.TestMethodWorker.run(TestMethodWorker.java:105)
at org.testng.TestRunner.privateRun(TestRunner.java:648)
at org.testng.TestRunner.run(TestRunner.java:505)
at org.testng.SuiteRunner.runTest(SuiteRunner.java:455)
at org.testng.SuiteRunner.access$000(SuiteRunner.java:40)
at org.testng.SuiteRunner$SuiteWorker.run(SuiteRunner.java:489)
at org.testng.internal.thread.ThreadUtil$1.call(ThreadUtil.java:52)
at java.util.concurrent.FutureTask.run(FutureTask.java:266)
at java.util.concurrent.ThreadPoolExecutor.runWorker(ThreadPoolExecutor.java:1149)
at java.util.concurrent.ThreadPoolExecutor$Worker.run(ThreadPoolExecutor.java:624)
at java.lang.Thread.run(Thread.java:748)
Caused by: java.lang.ClassNotFoundException: org.apache.commons.compress.archivers.ArchiveException
at java.net.URLClassLoader.findClass(URLClassLoader.java:382)
at java.lang.ClassLoader.loadClass(ClassLoader.java:418)
at sun.misc.Launcher$AppClassLoader.loadClass(Launcher.java:355)
at java.lang.ClassLoader.loadClass(ClassLoader.java:351)
... 31 more
]]>
    </error>
  </testcase> <!-- beforeClass -->
  <testcase name="TC_02_Login_To_System" time="0.000" classname="com.bankguru.user.Level_08_Selenium_Page_Factory">
    <skipped/>
  </testcase> <!-- TC_02_Login_To_System -->
  <testcase name="TC_01_Register_To_System" time="0.000" classname="com.bankguru.user.Level_08_Selenium_Page_Factory">
    <skipped/>
  </testcase> <!-- TC_01_Register_To_System -->
  <testcase name="TC_02_Login_To_System" time="5.204" classname="com.bankguru.user.Level_08_Selenium_Page_Factory"/>
  <testcase name="TC_01_Register_To_System" time="5.679" classname="com.bankguru.user.Level_08_Selenium_Page_Factory"/>
</testsuite> <!-- com.bankguru.user.Level_08_Selenium_Page_Factory -->
