<?xml version="1.0" encoding="UTF-8"?>
<!-- Generated by org.testng.reporters.JUnitReportReporter -->
<testsuite skipped="2" hostname="DELL-PC" name="com.saucelab.sort.Level_20_Sort_Asc_Desc" tests="3" failures="0" timestamp="13 thg 3 2021 16:41:47 GMT" time="0.000" errors="1">
  <testcase name="beforeClass" time="0.000" classname="com.saucelab.sort.Level_20_Sort_Asc_Desc">
    <error type="org.testng.TestNGException" message="
Parameter &#039;url&#039; is required by BeforeClass on method beforeClass but has not been marked @Optional or defined
in E:\Selenium\2_Hybrid\2_B42b_java-multiple-environment\resources\runSaucelabTestcases_Environment.xml">
      <![CDATA[org.testng.TestNGException: 
Parameter 'url' is required by BeforeClass on method beforeClass but has not been marked @Optional or defined
in E:\Selenium\2_Hybrid\2_B42b_java-multiple-environment\resources\runSaucelabTestcases_Environment.xml
at org.testng.internal.Parameters.createParams(Parameters.java:290)
at org.testng.internal.Parameters.createParametersForMethod(Parameters.java:359)
at org.testng.internal.Parameters.createParameters(Parameters.java:620)
at org.testng.internal.Parameters.createConfigurationParameters(Parameters.java:190)
at org.testng.internal.Invoker.invokeConfigurations(Invoker.java:209)
at org.testng.internal.Invoker.invokeConfigurations(Invoker.java:142)
at org.testng.internal.TestMethodWorker.invokeBeforeClassMethods(TestMethodWorker.java:168)
at org.testng.internal.TestMethodWorker.run(TestMethodWorker.java:105)
at org.testng.TestRunner.privateRun(TestRunner.java:648)
at org.testng.TestRunner.run(TestRunner.java:505)
at org.testng.SuiteRunner.runTest(SuiteRunner.java:455)
at org.testng.SuiteRunner.access$000(SuiteRunner.java:40)
at org.testng.SuiteRunner$SuiteWorker.run(SuiteRunner.java:489)
at org.testng.internal.thread.ThreadUtil$1.call(ThreadUtil.java:52)
at java.util.concurrent.FutureTask.run(FutureTask.java:266)
at java.util.concurrent.ThreadPoolExecutor.runWorker(ThreadPoolExecutor.java:1149)
at java.util.concurrent.ThreadPoolExecutor$Worker.run(ThreadPoolExecutor.java:624)
at java.lang.Thread.run(Thread.java:748)
]]>
    </error>
  </testcase> <!-- beforeClass -->
  <testcase name="Sort_01_Name" time="0.000" classname="com.saucelab.sort.Level_20_Sort_Asc_Desc">
    <skipped/>
  </testcase> <!-- Sort_01_Name -->
  <testcase name="Sort_02_Price" time="0.000" classname="com.saucelab.sort.Level_20_Sort_Asc_Desc">
    <skipped/>
  </testcase> <!-- Sort_02_Price -->
</testsuite> <!-- com.saucelab.sort.Level_20_Sort_Asc_Desc -->
